# JRE version: OpenJDK Runtime Environment (17.0.16+8) (build 17.0.16+8-Debian-1deb12u1)
# Java VM: OpenJDK 64-Bit Server VM (17.0.16+8-Debian-1deb12u1, mixed mode, sharing, tiered, compressed oops, compressed class ptrs, g1 gc, linux-amd64)
GC Precious Log:
 CPUs: 2 total, 2 available
 Memory: 2048M
 Large Page Support: Disabled
 NUMA Support: Disabled
 Compressed Oops: Enabled (32-bit)
 Heap Region Size: 1M
 Heap Min Capacity: 8M
 Heap Initial Capacity: 32M
 Heap Max Capacity: 512M
 Pre-touch: Disabled
 Parallel Workers: 2
 Concurrent Workers: 1
 Concurrent Refinement Workers: 2
 Periodic GC: Disabled
Heap:
 garbage-first heap   total 41984K, used 26521K [0x00000000e0000000, 0x0000000100000000)
  region size 1024K, 1 young (1024K), 1 survivors (1024K)
 Metaspace       used 24681K, committed 25024K, reserved 1114112K
  class space    used 3458K, committed 3648K, reserved 1048576K
GC Heap History (20 events):
Event: 0.647 GC heap after
{Heap after GC invocations=2 (full 0):
 garbage-first heap   total 34816K, used 6862K [0x00000000e0000000, 0x0000000100000000)
  region size 1024K, 1 young (1024K), 1 survivors (1024K)
 Metaspace       used 4082K, committed 4224K, reserved 1114112K
  class space    used 298K, committed 384K, reserved 1048576K
}
Event: 0.850 GC heap before
{Heap before GC invocations=2 (full 0):
 garbage-first heap   total 34816K, used 15054K [0x00000000e0000000, 0x0000000100000000)
  region size 1024K, 10 young (10240K), 1 survivors (1024K)
 Metaspace       used 6352K, committed 6528K, reserved 1114112K
  class space    used 607K, committed 704K, reserved 1048576K
}
Event: 0.853 GC heap after
{Heap after GC invocations=3 (full 0):
 garbage-first heap   total 34816K, used 7370K [0x00000000e0000000, 0x0000000100000000)
  region size 1024K, 2 young (2048K), 2 survivors (2048K)
 Metaspace       used 6352K, committed 6528K, reserved 1114112K
  class space    used 607K, committed 704K, reserved 1048576K
}
Event: 1.257 GC heap before
{Heap before GC invocations=3 (full 0):
 garbage-first heap   total 34816K, used 20682K [0x00000000e0000000, 0x0000000100000000)
  region size 1024K, 15 young (15360K), 2 survivors (2048K)
 Metaspace       used 9401K, committed 9536K, reserved 1114112K
  class space    used 1008K, committed 1088K, reserved 1048576K
}
Event: 1.263 GC heap after
{Heap after GC invocations=4 (full 0):
 garbage-first heap   total 34816K, used 8887K [0x00000000e0000000, 0x0000000100000000)
  region size 1024K, 2 young (2048K), 2 survivors (2048K)
 Metaspace       used 9401K, committed 9536K, reserved 1114112K
  class space    used 1008K, committed 1088K, reserved 1048576K
}
Event: 1.536 GC heap before
{Heap before GC invocations=4 (full 0):
 garbage-first heap   total 34816K, used 22199K [0x00000000e0000000, 0x0000000100000000)
  region size 1024K, 16 young (16384K), 2 survivors (2048K)
 Metaspace       used 12432K, committed 12608K, reserved 1114112K
  class space    used 1436K, committed 1536K, reserved 1048576K
}
Event: 1.545 GC heap after
{Heap after GC invocations=5 (full 0):
 garbage-first heap   total 34816K, used 10070K [0x00000000e0000000, 0x0000000100000000)
  region size 1024K, 2 young (2048K), 2 survivors (2048K)
 Metaspace       used 12432K, committed 12608K, reserved 1114112K
  class space    used 1436K, committed 1536K, reserved 1048576K
}
Event: 2.008 GC heap before
{Heap before GC invocations=5 (full 0):
 garbage-first heap   total 34816K, used 23382K [0x00000000e0000000, 0x0000000100000000)
  region size 1024K, 15 young (15360K), 2 survivors (2048K)
 Metaspace       used 16519K, committed 16768K, reserved 1114112K
  class space    used 1969K, committed 2112K, reserved 1048576K
}
Event: 2.016 GC heap after
{Heap after GC invocations=6 (full 0):
 garbage-first heap   total 34816K, used 10987K [0x00000000e0000000, 0x0000000100000000)
  region size 1024K, 1 young (1024K), 1 survivors (1024K)
 Metaspace       used 16519K, committed 16768K, reserved 1114112K
  class space    used 1969K, committed 2112K, reserved 1048576K
}
Event: 2.543 GC heap before
{Heap before GC invocations=6 (full 0):
 garbage-first heap   total 34816K, used 24299K [0x00000000e0000000, 0x0000000100000000)
  region size 1024K, 14 young (14336K), 1 survivors (1024K)
 Metaspace       used 21267K, committed 21504K, reserved 1114112K
  class space    used 3000K, committed 3136K, reserved 1048576K
}
Event: 2.598 GC heap after
{Heap after GC invocations=7 (full 0):
 garbage-first heap   total 41984K, used 11453K [0x00000000e0000000, 0x0000000100000000)
  region size 1024K, 2 young (2048K), 2 survivors (2048K)
 Metaspace       used 21267K, committed 21504K, reserved 1114112K
  class space    used 3000K, committed 3136K, reserved 1048576K
}
Event: 2.605 GC heap before
{Heap before GC invocations=7 (full 0):
 garbage-first heap   total 41984K, used 11453K [0x00000000e0000000, 0x0000000100000000)
  region size 1024K, 3 young (3072K), 2 survivors (2048K)
 Metaspace       used 21313K, committed 21504K, reserved 1114112K
  class space    used 3005K, committed 3136K, reserved 1048576K
}
Event: 2.610 GC heap after
{Heap after GC invocations=8 (full 0):
 garbage-first heap   total 41984K, used 11474K [0x00000000e0000000, 0x0000000100000000)
  region size 1024K, 2 young (2048K), 2 survivors (2048K)
 Metaspace       used 21313K, committed 21504K, reserved 1114112K
  class space    used 3005K, committed 3136K, reserved 1048576K
}
Event: 3.237 GC heap before
{Heap before GC invocations=9 (full 0):
 garbage-first heap   total 41984K, used 30930K [0x00000000e0000000, 0x0000000100000000)
  region size 1024K, 21 young (21504K), 2 survivors (2048K)
 Metaspace       used 24645K, committed 25024K, reserved 1114112K
  class space    used 3456K, committed 3648K, reserved 1048576K
}
Event: 3.303 GC heap after
{Heap after GC invocations=10 (full 0):
 garbage-first heap   total 41984K, used 16892K [0x00000000e0000000, 0x0000000100000000)
  region size 1024K, 3 young (3072K), 3 survivors (3072K)
 Metaspace       used 24645K, committed 25024K, reserved 1114112K
  class space    used 3456K, committed 3648K, reserved 1048576K
}
Event: 3.405 GC heap before
{Heap before GC invocations=10 (full 0):
 garbage-first heap   total 41984K, used 28156K [0x00000000e0000000, 0x0000000100000000)
  region size 1024K, 14 young (14336K), 3 survivors (3072K)
 Metaspace       used 24680K, committed 25024K, reserved 1114112K
  class space    used 3458K, committed 3648K, reserved 1048576K
}
Event: 3.414 GC heap after
{Heap after GC invocations=11 (full 0):
 garbage-first heap   total 41984K, used 22731K [0x00000000e0000000, 0x0000000100000000)
  region size 1024K, 2 young (2048K), 2 survivors (2048K)
 Metaspace       used 24680K, committed 25024K, reserved 1114112K
  class space    used 3458K, committed 3648K, reserved 1048576K
}
Event: 3.430 GC heap before
{Heap before GC invocations=11 (full 0):
 garbage-first heap   total 41984K, used 27851K [0x00000000e0000000, 0x0000000100000000)
  region size 1024K, 7 young (7168K), 2 survivors (2048K)
 Metaspace       used 24681K, committed 25024K, reserved 1114112K
  class space    used 3458K, committed 3648K, reserved 1048576K
}
Event: 3.442 GC heap after
{Heap after GC invocations=12 (full 0):
 garbage-first heap   total 41984K, used 25012K [0x00000000e0000000, 0x0000000100000000)
  region size 1024K, 1 young (1024K), 1 survivors (1024K)
 Metaspace       used 24681K, committed 25024K, reserved 1114112K
  class space    used 3458K, committed 3648K, reserved 1048576K
}
Event: 3.511 GC heap before
{Heap before GC invocations=12 (full 0):
 garbage-first heap   total 41984K, used 29108K [0x00000000e0000000, 0x0000000100000000)
  region size 1024K, 5 young (5120K), 1 survivors (1024K)
 Metaspace       used 24681K, committed 25024K, reserved 1114112K
  class space    used 3458K, committed 3648K, reserved 1048576K
}

